[36m[AUDIT][0m [33mCrashTest[0m -> 🚀 [32mProject started successfully (PID: 34448).[0m
[36m[AUDIT][0m [33menv_test[0m -> 🚀 [32mProject started successfully (PID: 6376).[0m
[36m[AUDIT][0m [33mfilereader[0m -> 🚀 [32mProject started successfully (PID: 34144).[0m
[36m[AUDIT][0m [33mfocus_timer[0m -> 🚀 [32mProject started successfully (PID: 34916).[0m
[36m[AUDIT][0m [33mnoteapp[0m -> 🚀 [32mProject started successfully (PID: 34704).[0m
[36m[AUDIT][0m [33msoru_test[0m -> 🚀 [32mProject started successfully (PID: 10072).[0m
[36m[AUDIT][0m [33msurvivor_test[0m -> 🚀 [32mProject started successfully (PID: 18124).[0m
[1;31m[CRASH][0m Project 'CrashTest' crashed after 6s.
[36m[AUDIT][0m [33mCrashTest[0m -> ⚪ Process exited normally.
[36m[AUDIT][0m [33mnoteapp[0m -> 🛑 Stop signal sent. Terminating process tree...
[1;33m[INFO][0m Project 'noteapp' stopped by user after 10s.
[36m[AUDIT][0m [33menv_test[0m -> 🛑 Stop signal sent. Terminating process tree...
[1;33m[INFO][0m Project 'env_test' stopped by user after 12s.
[36m[AUDIT][0m [33mfilereader[0m -> 🛑 Stop signal sent. Terminating process tree...
[1;33m[INFO][0m Project 'filereader' stopped by user after 14s.
[36m[AUDIT][0m [33mfocus_timer[0m -> 🛑 Stop signal sent. Terminating process tree...
[1;33m[INFO][0m Project 'focus_timer' stopped by user after 15s.
[36m[AUDIT][0m [33msoru_test[0m -> 🛑 Stop signal sent. Terminating process tree...
[1;33m[INFO][0m Project 'soru_test' stopped by user after 16s.
[36m[AUDIT][0m [33msurvivor_test[0m -> 🛑 Stop signal sent. Terminating process tree...
[1;33m[INFO][0m Project 'survivor_test' stopped by user after 17s.
[36m[AUDIT][0m [33mnoteapp[0m -> 🚀 [32mProject started successfully (PID: 12244).[0m
[1;31m[CRASH][0m Project 'noteapp' crashed after 1s.
[36m[AUDIT][0m [33mnoteapp[0m -> ⚪ Process exited normally.
[36m[AUDIT][0m [33mnoteapp[0m -> 🚀 [32mProject started successfully (PID: 29328).[0m
[1;31m[CRASH][0m Project 'noteapp' crashed after 2s.
[36m[AUDIT][0m [33mnoteapp[0m -> ⚪ Process exited normally.
[36m[AUDIT][0m [33mnoteapp[0m -> 🚀 [32mProject started successfully (PID: 23120).[0m
[1;31m[CRASH][0m Project 'noteapp' crashed after 5s.
[36m[AUDIT][0m [33mnoteapp[0m -> ⚪ Process exited normally.
[36m[AUDIT][0m [33mnoteapp[0m -> 🚀 [32mProject started successfully (PID: 16176).[0m
[1;31m[CRASH][0m Project 'noteapp' crashed after 1s.
[36m[AUDIT][0m [33mnoteapp[0m -> ⚪ Process exited normally.
[36m[AUDIT][0m [33mnoteapp[0m -> 🚀 [32mProject started successfully (PID: 32952).[0m
[1;31m[CRASH][0m Project 'noteapp' crashed after 6s.
[36m[AUDIT][0m [33mnoteapp[0m -> ⚪ Process exited normally.
[36m[AUDIT][0m [33mCrashTest[0m -> 🚀 [32mProject started successfully (PID: 36844).[0m
[1;31m[CRASH][0m Project 'CrashTest' crashed after 6s.
[36m[AUDIT][0m [33mCrashTest[0m -> ⚪ Process exited normally.
[36m[AUDIT][0m [33menv_test[0m -> 🚀 [32mProject started successfully (PID: 25264).[0m
[36m[AUDIT][0m [33menv_test[0m -> 🛑 Stop signal sent. Terminating process tree...
[1;33m[INFO][0m Project 'env_test' stopped by user after 4s.
[36m[AUDIT][0m [33menv_test[0m -> 🚀 [32mProject started successfully (PID: 36792).[0m
[36m[AUDIT][0m [33menv_test[0m -> 🛑 Stop signal sent. Terminating process tree...
[1;33m[INFO][0m Project 'env_test' stopped by user after 2s.
[36m[AUDIT][0m [33mzombi_test[0m -> 🚀 [32mProject started successfully (PID: 35264).[0m
[36m[AUDIT][0m [33mzombi_test[0m -> 🛑 Stop signal sent. Terminating process tree...
[1;33m[INFO][0m Project 'zombi_test' stopped by user after 43s.
[36m[AUDIT][0m [33mnoteapp[0m -> 🚀 [32mProject started successfully (PID: 5868).[0m
[1;31m[CRASH][0m Project 'noteapp' crashed after 8s.
[36m[AUDIT][0m [33mnoteapp[0m -> ⚪ Process exited normally.
[36m[AUDIT][0m [33menv_test[0m -> 🚀 [32mProject started successfully (PID: 38332).[0m
[36m[AUDIT][0m [33menv_test[0m -> 🛑 Stop signal sent. Terminating process tree...
[1;33m[INFO][0m Project 'env_test' stopped by user after 6s.
[36m[AUDIT][0m [33mfocus_timer[0m -> 🚀 [32mProject started successfully (PID: 37012).[0m
[1;31m[CRASH][0m Project 'focus_timer' crashed after 20s.
[36m[AUDIT][0m [33mfocus_timer[0m -> ⚪ Process exited normally.
[36m[AUDIT][0m [33mhangman[0m -> 🚀 [32mProject started successfully (PID: 39564).[0m
[1;31m[CRASH][0m Project 'hangman' crashed after 9s.
[36m[AUDIT][0m [33mhangman[0m -> ⚪ Process exited normally.
[36m[AUDIT][0m [33mhangman[0m -> 🚀 [32mProject started successfully (PID: 11120).[0m
[36m[AUDIT][0m [33mhangman[0m -> 🛑 Stop signal sent. Terminating process tree...
[1;33m[INFO][0m Project 'hangman' stopped by user after 6s.
[36m[AUDIT][0m [33mnoteapp[0m -> 🚀 [32mProject started successfully (PID: 27140).[0m
[1;31m[CRASH][0m Project 'noteapp' crashed after 1s.
[36m[AUDIT][0m [33mnoteapp[0m -> ⚪ Process exited normally.
[36m[AUDIT][0m [33mCrashTest[0m -> 🚀 [32mProject started successfully (PID: 34848).[0m
[36m[AUDIT][0m [33mCrashTest[0m -> 🛑 Stop signal sent. Terminating process tree...
[1;33m[INFO][0m Project 'CrashTest' stopped by user after 3s.
[36m[AUDIT][0m [33mnoteapp[0m -> 🚀 [32mProject started successfully (PID: 11176).[0m
[36m[AUDIT][0m [33mnoteapp[0m -> 🛑 Stop signal sent. Terminating process tree...
[1;33m[INFO][0m Project 'noteapp' stopped by user after 3s.
[36m[AUDIT][0m [33mCrashTest[0m -> 🚀 [32mProject started successfully (PID: 41108).[0m
[36m[AUDIT][0m [33mCrashTest[0m -> 🛑 Stop signal sent. Terminating process tree...
[1;33m[INFO][0m Project 'CrashTest' stopped by user after 3s.
[36m[AUDIT][0m [33mCrashTest[0m -> 🚀 [32mProject started successfully (PID: 40892).[0m
[1;31m[CRASH][0m Project 'CrashTest' crashed after 6s.
[36m[AUDIT][0m [33mCrashTest[0m -> ⚪ Process exited normally.
[36m[AUDIT][0m [33mCrashTest[0m -> 🚀 [32mProject started successfully (PID: 32284).[0m
[1;31m[CRASH][0m Project 'CrashTest' crashed after 6s.
[36m[AUDIT][0m [33mCrashTest[0m -> ⚪ Process exited normally.
[36m[AUDIT][0m [33mfilereader[0m -> 🚀 [32mProject started successfully (PID: 42000).[0m
[36m[AUDIT][0m [33mfilereader[0m -> 🛑 Stop signal sent. Terminating process tree...
[1;33m[INFO][0m Project 'filereader' stopped by user after 3s.
[36m[AUDIT][0m [33mfilereader[0m -> 🚀 [32mProject started successfully (PID: 7276).[0m
[36m[AUDIT][0m [33mfilereader[0m -> 🛑 Stop signal sent. Terminating process tree...
[1;33m[INFO][0m Project 'filereader' stopped by user after 0s.
[36m[AUDIT][0m [33mzombi test 2[0m -> 🚀 [32mProject started successfully (PID: 3708).[0m
[36m[AUDIT][0m [33mzombi test 2[0m -> 🛑 Stop signal sent. Terminating process tree...
[1;33m[INFO][0m Project 'zombi test 2' stopped by user after 1s.
[36m[AUDIT][0m [33mzombi test 2[0m -> 🚀 [32mProject started successfully (PID: 38576).[0m
[36m[AUDIT][0m [33mhangman[0m -> 🚀 [32mProject started successfully (PID: 28680).[0m
[36m[AUDIT][0m [33mhangman[0m -> 🛑 Stop signal sent. Terminating process tree...
[1;33m[INFO][0m Project 'hangman' stopped by user after 2s.
[36m[AUDIT][0m [33msoru_test[0m -> 🚀 [32mProject started successfully (PID: 12256).[0m
[36m[AUDIT][0m [33mfocus_timer[0m -> 🚀 [32mProject started successfully (PID: 40448).[0m
[36m[AUDIT][0m [33msoru_test[0m -> 🛑 Stop signal sent. Terminating process tree...
[1;33m[INFO][0m Project 'soru_test' stopped by user after 3s.
[36m[AUDIT][0m [33mfocus_timer[0m -> 🛑 Stop signal sent. Terminating process tree...
[1;33m[INFO][0m Project 'focus_timer' stopped by user after 3s.
[36m[AUDIT][0m [33mzombi test 2[0m -> 🛑 Stop signal sent. Terminating process tree...
[1;33m[INFO][0m Project 'zombi test 2' stopped by user after 35s.
[36m[AUDIT][0m [33msurvivor_test[0m -> 🚀 [32mProject started successfully (PID: 38900).[0m
[36m[AUDIT][0m [33msurvivor_test[0m -> 🛑 Stop signal sent. Terminating process tree...
[1;33m[INFO][0m Project 'survivor_test' stopped by user after 8s.
[36m[AUDIT][0m [33mzombi tesr 2[0m -> 🚀 [32mProject started successfully (PID: 1580).[0m
[36m[AUDIT][0m [33mzombi tesr 2[0m -> 🛑 Stop signal sent. Terminating process tree...
[1;33m[INFO][0m Project 'zombi tesr 2' stopped by user after 7s.
[36m[AUDIT][0m [33mzombi test 2[0m -> 🚀 [32mProject started successfully (PID: 3516).[0m
[36m[AUDIT][0m [33mzombi test 2[0m -> 🛑 Stop signal sent. Terminating process tree...
[1;33m[INFO][0m Project 'zombi test 2' stopped by user after 10s.
[36m[AUDIT][0m [33mzombi test 2[0m -> 🚀 [32mProject started successfully (PID: 29444).[0m
[36m[AUDIT][0m [33mzombi test 2[0m -> 🛑 Stop signal sent. Terminating process tree...
[1;33m[INFO][0m Project 'zombi test 2' stopped by user after 4s.
[36m[AUDIT][0m [33mzombi_test[0m -> 🚀 [32mProject started successfully (PID: 36096).[0m
[36m[AUDIT][0m [33mzombi_test[0m -> 🛑 Stop signal sent. Terminating process tree...
[1;33m[INFO][0m Project 'zombi_test' stopped by user after 1s.
[36m[AUDIT][0m [33mpc_kapama_forgames[0m -> 🚀 [32mProject started successfully (PID: 41896).[0m
[36m[AUDIT][0m [33mpc_kapama_forgames[0m -> 🛑 Stop signal sent. Terminating process tree...
[1;33m[INFO][0m Project 'pc_kapama_forgames' stopped by user after 3s.
[36m[AUDIT][0m [33mnoteapp[0m -> 🚀 [32mProject started successfully (PID: 42836).[0m
[1;31m[CRASH][0m Project 'noteapp' crashed after 2s.
[36m[AUDIT][0m [33mnoteapp[0m -> ⚪ Process exited normally.
[36m[AUDIT][0m [33mCrashTest[0m -> 🚀 [32mProject started successfully (PID: 40436).[0m
[36m[AUDIT][0m [33menv_test[0m -> 🚀 [32mProject started successfully (PID: 20360).[0m
[36m[AUDIT][0m [33mfilereader[0m -> 🚀 [32mProject started successfully (PID: 33288).[0m
[36m[AUDIT][0m [33mfocus_timer[0m -> 🚀 [32mProject started successfully (PID: 39492).[0m
[36m[AUDIT][0m [33msoru_test[0m -> 🚀 [32mProject started successfully (PID: 14960).[0m
[36m[AUDIT][0m [33msurvivor_test[0m -> 🚀 [32mProject started successfully (PID: 16340).[0m
[36m[AUDIT][0m [33mzombi_test[0m -> 🚀 [32mProject started successfully (PID: 35448).[0m
[36m[AUDIT][0m [33mpc_kapama_forgames[0m -> 🚀 [32mProject started successfully (PID: 41476).[0m
[1;31m[CRASH][0m Project 'CrashTest' crashed after 6s.
[36m[AUDIT][0m [33mCrashTest[0m -> ⚪ Process exited normally.
[36m[AUDIT][0m [33menv_test[0m -> 🛑 Stop signal sent. Terminating process tree...
[1;33m[INFO][0m Project 'env_test' stopped by user after 6s.
[36m[AUDIT][0m [33mfilereader[0m -> 🛑 Stop signal sent. Terminating process tree...
[1;33m[INFO][0m Project 'filereader' stopped by user after 7s.
[36m[AUDIT][0m [33mfocus_timer[0m -> 🛑 Stop signal sent. Terminating process tree...
[1;33m[INFO][0m Project 'focus_timer' stopped by user after 7s.
[36m[AUDIT][0m [33msoru_test[0m -> 🛑 Stop signal sent. Terminating process tree...
[1;33m[INFO][0m Project 'soru_test' stopped by user after 7s.
[36m[AUDIT][0m [33msurvivor_test[0m -> 🛑 Stop signal sent. Terminating process tree...
[1;33m[INFO][0m Project 'survivor_test' stopped by user after 7s.
[36m[AUDIT][0m [33mzombi_test[0m -> 🛑 Stop signal sent. Terminating process tree...
[1;33m[INFO][0m Project 'zombi_test' stopped by user after 7s.
[36m[AUDIT][0m [33mpc_kapama_forgames[0m -> 🛑 Stop signal sent. Terminating process tree...
[1;33m[INFO][0m Project 'pc_kapama_forgames' stopped by user after 7s.
[36m[AUDIT][0m [33mfilereader[0m -> 🚀 [32mProject started successfully (PID: 29040).[0m
[36m[AUDIT][0m [33mfilereader[0m -> 🛑 Stop signal sent. Terminating process tree...
[1;33m[INFO][0m Project 'filereader' stopped by user after 3s.
[36m[AUDIT][0m [33mfiber[0m -> 🚀 [32mProject started successfully (PID: 36044).[0m
[36m[AUDIT][0m [33mfiber[0m -> 🛑 Stop signal sent. Terminating process tree...
[1;33m[INFO][0m Project 'fiber' stopped by user after 8s.
time=2026-06-21T14:58:54.982+03:00 level=INFO msg="Starting DionyHub Command Center Initialization..."
time=2026-06-21T14:58:55.001+03:00 level=DEBUG msg="Initializing SQLite Engine" path=data/dionyhub.db
time=2026-06-21T14:58:55.003+03:00 level=DEBUG msg="Running database migrations..."
time=2026-06-21T14:58:55.003+03:00 level=INFO msg="SQLite Engine successfully started and migrated" path=data/dionyhub.db
time=2026-06-21T14:58:55.818+03:00 level=DEBUG msg="Cleared potential port 8080 conflicts via PowerShell"
time=2026-06-21T14:58:55.818+03:00 level=DEBUG msg="Attempting to load projects configuration" filename=config.json
time=2026-06-21T14:58:55.818+03:00 level=DEBUG msg="Projects configuration file does not exist, returning empty slice" filename=config.json
time=2026-06-21T14:58:55.818+03:00 level=INFO msg="Successfully loaded project configurations" count=0
time=2026-06-21T14:58:55.818+03:00 level=DEBUG msg="Initializing core process manager"
time=2026-06-21T14:58:55.818+03:00 level=DEBUG msg="Initializing core API server instance with SQLite integration"
time=2026-06-21T14:58:55.818+03:00 level=DEBUG msg="Starting to register API endpoints..."
time=2026-06-21T14:58:55.818+03:00 level=DEBUG msg="Registering WebSocket endpoint under /ws"
time=2026-06-21T14:58:55.818+03:00 level=DEBUG msg="Booting up background metrics worker..."
time=2026-06-21T14:58:55.818+03:00 level=INFO msg="All API routes and background workers registered successfully"
time=2026-06-21T14:58:55.818+03:00 level=INFO msg="Server is successfully running and listening" url=http://localhost:8080
time=2026-06-21T14:58:58.019+03:00 level=DEBUG msg="Incoming WebSocket upgrade request" client_ip=[::1]:61490
time=2026-06-21T14:58:58.019+03:00 level=INFO msg="New WebSocket client connected successfully" client_ip=[::1]:61490 total_active_clients=1
time=2026-06-21T14:59:02.960+03:00 level=INFO msg="API Request Executed" method=GET path=/ status=200 duration=19.8839ms
time=2026-06-21T14:59:03.223+03:00 level=DEBUG msg="Fetching system settings"
time=2026-06-21T14:59:03.223+03:00 level=DEBUG msg="Attempting to load application settings" filename=app_config.json
time=2026-06-21T15:03:19.060+03:00 level=INFO msg="Starting DionyHub Command Center Initialization..."
time=2026-06-21T15:03:19.078+03:00 level=DEBUG msg="Initializing SQLite Engine" path=data/dionyhub.db
time=2026-06-21T15:03:19.084+03:00 level=DEBUG msg="Running database migrations..."
time=2026-06-21T15:03:19.084+03:00 level=INFO msg="SQLite Engine successfully started and migrated" path=data/dionyhub.db
time=2026-06-21T15:03:19.893+03:00 level=DEBUG msg="Cleared potential port 8080 conflicts via PowerShell"
time=2026-06-21T15:03:19.893+03:00 level=DEBUG msg="Attempting to load projects configuration" filename=config.json
time=2026-06-21T15:03:19.893+03:00 level=DEBUG msg="Projects configuration file does not exist, returning empty slice" filename=config.json
time=2026-06-21T15:03:19.893+03:00 level=INFO msg="Successfully loaded project configurations" count=0
time=2026-06-21T15:03:19.893+03:00 level=DEBUG msg="Initializing core process manager"
time=2026-06-21T15:03:19.894+03:00 level=DEBUG msg="Initializing core API server instance with SQLite integration"
time=2026-06-21T15:03:19.894+03:00 level=DEBUG msg="Starting to register API endpoints..."
time=2026-06-21T15:03:19.894+03:00 level=DEBUG msg="Registering WebSocket endpoint under /ws"
time=2026-06-21T15:03:19.894+03:00 level=DEBUG msg="Booting up background metrics worker..."
time=2026-06-21T15:03:19.895+03:00 level=INFO msg="All API routes and background workers registered successfully"
time=2026-06-21T15:03:19.895+03:00 level=INFO msg="Server is successfully running and listening" url=http://localhost:8080
time=2026-06-21T15:03:24.636+03:00 level=INFO msg="API Request Executed" method=GET path=/ status=200 duration=23.986ms
time=2026-06-21T15:03:24.839+03:00 level=DEBUG msg="Fetching system settings"
time=2026-06-21T15:03:24.839+03:00 level=DEBUG msg="Attempting to load application settings" filename=app_config.json
time=2026-06-21T15:03:24.839+03:00 level=DEBUG msg="Successfully loaded application settings" filename=app_config.json
time=2026-06-21T15:03:24.839+03:00 level=DEBUG msg="Successfully retrieved system settings"
time=2026-06-21T15:03:24.839+03:00 level=INFO msg="API Request Executed" method=GET path=/api/settings status=200 duration=503.5µs
time=2026-06-21T15:03:24.845+03:00 level=INFO msg="API Request Executed" method=GET path=/api/projects/logs status=200 duration=6.2365ms
time=2026-06-21T15:03:24.932+03:00 level=INFO msg="API Request Executed" method=GET path=/api/projects status=200 duration=0s
time=2026-06-21T15:03:24.932+03:00 level=DEBUG msg="Incoming WebSocket upgrade request" client_ip=[::1]:63122
time=2026-06-21T15:03:24.932+03:00 level=INFO msg="New WebSocket client connected successfully" client_ip=[::1]:63122 total_active_clients=1
time=2026-06-21T15:03:39.832+03:00 level=INFO msg="API Request Executed" method=GET path=/api/projects/logs status=200 duration=0s
time=2026-06-21T15:03:39.839+03:00 level=DEBUG msg="Attempting to load application settings" filename=app_config.json
time=2026-06-21T15:03:39.839+03:00 level=DEBUG msg="Successfully loaded application settings" filename=app_config.json
time=2026-06-21T15:03:39.839+03:00 level=INFO msg="Requesting process start" project_id=1781915741808 command=go interactive=false
time=2026-06-21T15:03:39.842+03:00 level=INFO msg="OS Process successfully spawned" project_id=1781915741808 pid=33956
[36m[AUDIT][0m [33mzombi_test[0m -> 🚀 [32mProject started successfully (PID: 33956).[0m
time=2026-06-21T15:03:39.843+03:00 level=INFO msg="API Request Executed" method=POST path=/api/projects/start status=200 duration=11.4344ms
time=2026-06-21T15:04:02.704+03:00 level=INFO msg="Stop sequence initiated for process" project_id=1781915741808
[36m[AUDIT][0m [33mzombi_test[0m -> 🛑 Stop signal sent. Terminating process tree...
time=2026-06-21T15:04:02.704+03:00 level=DEBUG msg="Summoning Zombie Reaper" project_id=1781915741808 pid=33956
time=2026-06-21T15:04:02.704+03:00 level=DEBUG msg="Zombie Reaper activated: Scanning for process tree" parent_pid=33956
time=2026-06-21T15:04:02.787+03:00 level=DEBUG msg="Process terminated normally due to user stop signal" project_id=1781915741808
time=2026-06-21T15:04:02.787+03:00 level=INFO msg="Project process stopped by user" project_id=1781915741808 project_name=zombi_test uptime=22s
time=2026-06-21T15:04:02.861+03:00 level=INFO msg="Zombie Reaper successfully cleared process tree" project_id=1781915741808 pid=33956
time=2026-06-21T15:04:02.861+03:00 level=INFO msg="API Request Executed" method=POST path=/api/projects/stop status=200 duration=156.3891ms
time=2026-06-21T15:05:56.087+03:00 level=WARN msg="Shutdown signal received! Initiating Graceful Shutdown..."
time=2026-06-21T15:05:56.087+03:00 level=INFO msg="Terminating all running background processes..."
time=2026-06-21T15:05:56.087+03:00 level=INFO msg="Global shutdown hook triggered: Terminating all active process trees" active_count=0
time=2026-06-21T15:05:56.087+03:00 level=INFO msg="DionyHub shutdown sequence complete. Goodbye!"
time=2026-06-21T15:05:57.087+03:00 level=DEBUG msg="Closing SQLite Engine"
time=2026-06-21T16:19:48.766+03:00 level=INFO msg="Starting DionyHub Command Center Initialization..."
time=2026-06-21T16:19:48.784+03:00 level=DEBUG msg="Initializing SQLite Engine" path=data/dionyhub.db
time=2026-06-21T16:19:48.786+03:00 level=DEBUG msg="Running database migrations..."
time=2026-06-21T16:19:48.786+03:00 level=INFO msg="SQLite Engine successfully started and migrated" path=data/dionyhub.db
time=2026-06-21T16:19:50.209+03:00 level=DEBUG msg="Cleared potential port 8080 conflicts via PowerShell"
time=2026-06-21T16:19:50.209+03:00 level=DEBUG msg="Attempting to load projects configuration" filename=config.json
time=2026-06-21T16:19:50.209+03:00 level=DEBUG msg="Projects configuration file does not exist, returning empty slice" filename=config.json
time=2026-06-21T16:19:50.209+03:00 level=INFO msg="Successfully loaded project configurations" count=0
time=2026-06-21T16:19:50.209+03:00 level=DEBUG msg="Initializing core process manager"
time=2026-06-21T16:19:50.209+03:00 level=DEBUG msg="Initializing core API server instance with SQLite integration"
time=2026-06-21T16:19:50.209+03:00 level=DEBUG msg="Starting to register API endpoints..."
time=2026-06-21T16:19:50.209+03:00 level=DEBUG msg="Registering WebSocket endpoint under /ws"
time=2026-06-21T16:19:50.209+03:00 level=DEBUG msg="Booting up background metrics worker..."
time=2026-06-21T16:19:50.209+03:00 level=INFO msg="All API routes and background workers registered successfully"
time=2026-06-21T16:19:50.209+03:00 level=INFO msg="Server is successfully running and listening" url=http://localhost:8080
time=2026-06-21T16:19:54.106+03:00 level=INFO msg="API Request Executed" method=GET path=/ status=200 duration=28.0736ms
time=2026-06-21T16:19:54.411+03:00 level=DEBUG msg="Fetching system settings"
time=2026-06-21T16:19:54.411+03:00 level=DEBUG msg="Attempting to load application settings" filename=app_config.json
time=2026-06-21T16:19:54.412+03:00 level=DEBUG msg="Successfully loaded application settings" filename=app_config.json
time=2026-06-21T16:19:54.412+03:00 level=DEBUG msg="Successfully retrieved system settings"
time=2026-06-21T16:19:54.412+03:00 level=INFO msg="API Request Executed" method=GET path=/api/settings status=200 duration=637.4µs
time=2026-06-21T16:19:54.418+03:00 level=INFO msg="API Request Executed" method=GET path=/api/projects/logs status=200 duration=6.6332ms
time=2026-06-21T16:19:54.508+03:00 level=INFO msg="API Request Executed" method=GET path=/api/projects status=200 duration=1.0002ms
time=2026-06-21T16:19:55.151+03:00 level=INFO msg="API Request Executed" method=GET path=/ status=200 duration=0s
time=2026-06-21T16:19:55.327+03:00 level=DEBUG msg="Fetching system settings"
time=2026-06-21T16:19:55.327+03:00 level=DEBUG msg="Attempting to load application settings" filename=app_config.json
time=2026-06-21T16:19:55.327+03:00 level=DEBUG msg="Successfully loaded application settings" filename=app_config.json
time=2026-06-21T16:19:55.327+03:00 level=DEBUG msg="Successfully retrieved system settings"
time=2026-06-21T16:19:55.327+03:00 level=INFO msg="API Request Executed" method=GET path=/api/settings status=200 duration=0s
time=2026-06-21T16:19:55.336+03:00 level=INFO msg="API Request Executed" method=GET path=/api/projects/logs status=200 duration=8.5283ms
time=2026-06-21T16:19:55.381+03:00 level=INFO msg="API Request Executed" method=GET path=/api/projects status=200 duration=0s
time=2026-06-21T16:19:57.239+03:00 level=DEBUG msg="Incoming WebSocket upgrade request" client_ip=[::1]:56583
time=2026-06-21T16:19:57.239+03:00 level=INFO msg="New WebSocket client connected successfully" client_ip=[::1]:56583 total_active_clients=1
time=2026-06-21T16:23:03.989+03:00 level=WARN msg="Shutdown signal received! Initiating Graceful Shutdown..."
time=2026-06-21T16:23:03.989+03:00 level=INFO msg="Terminating all running background processes..."
time=2026-06-21T16:23:03.989+03:00 level=INFO msg="Global shutdown hook triggered: Terminating all active process trees" active_count=0
time=2026-06-21T16:23:03.989+03:00 level=INFO msg="DionyHub shutdown sequence complete. Goodbye!"
time=2026-06-21T16:23:04.989+03:00 level=DEBUG msg="Closing SQLite Engine"
time=2026-06-21T16:23:09.881+03:00 level=INFO msg="Starting DionyHub Command Center Initialization..."
time=2026-06-21T16:23:09.900+03:00 level=DEBUG msg="Initializing SQLite Engine" path=data/dionyhub.db
time=2026-06-21T16:23:09.902+03:00 level=DEBUG msg="Running database migrations..."
time=2026-06-21T16:23:09.902+03:00 level=INFO msg="SQLite Engine successfully started and migrated" path=data/dionyhub.db
time=2026-06-21T16:23:10.894+03:00 level=DEBUG msg="Cleared potential port 8080 conflicts via PowerShell"
time=2026-06-21T16:23:10.894+03:00 level=DEBUG msg="Attempting to load projects configuration" filename=config.json
time=2026-06-21T16:23:10.894+03:00 level=DEBUG msg="Projects configuration file does not exist, returning empty slice" filename=config.json
time=2026-06-21T16:23:10.894+03:00 level=INFO msg="Successfully loaded project configurations" count=0
time=2026-06-21T16:23:10.894+03:00 level=DEBUG msg="Initializing core process manager"
time=2026-06-21T16:23:10.894+03:00 level=DEBUG msg="Initializing core API server instance with SQLite integration"
time=2026-06-21T16:23:10.894+03:00 level=DEBUG msg="Starting to register API endpoints..."
time=2026-06-21T16:23:10.894+03:00 level=DEBUG msg="Registering WebSocket endpoint under /ws"
time=2026-06-21T16:23:10.894+03:00 level=DEBUG msg="Booting up background metrics worker..."
time=2026-06-21T16:23:10.895+03:00 level=INFO msg="All API routes and background workers registered successfully"
time=2026-06-21T16:23:10.895+03:00 level=INFO msg="Server is successfully running and listening" url=http://localhost:8080
time=2026-06-21T16:23:13.969+03:00 level=DEBUG msg="Incoming WebSocket upgrade request" client_ip=[::1]:51630
time=2026-06-21T16:23:13.969+03:00 level=INFO msg="New WebSocket client connected successfully" client_ip=[::1]:51630 total_active_clients=1
time=2026-06-21T16:23:15.422+03:00 level=INFO msg="API Request Executed" method=GET path=/ status=200 duration=22.0007ms
time=2026-06-21T16:23:15.674+03:00 level=DEBUG msg="Fetching system settings"
time=2026-06-21T16:23:15.674+03:00 level=DEBUG msg="Attempting to load application settings" filename=app_config.json
time=2026-06-21T16:23:15.674+03:00 level=DEBUG msg="Successfully loaded application settings" filename=app_config.json
time=2026-06-21T16:23:15.674+03:00 level=DEBUG msg="Successfully retrieved system settings"
time=2026-06-21T16:23:15.674+03:00 level=WARN msg="WebSocket client disconnected or write failed, cleaning up" client_ip=[::1]:51630 error="write tcp [::1]:8080->[::1]:51630: wsasend: An established connection was aborted by the software in your host machine."
time=2026-06-21T16:23:15.674+03:00 level=INFO msg="API Request Executed" method=GET path=/api/settings status=200 duration=504.3µs
time=2026-06-21T16:23:15.681+03:00 level=INFO msg="API Request Executed" method=GET path=/api/projects/logs status=200 duration=7.5046ms
time=2026-06-21T16:23:15.762+03:00 level=DEBUG msg="Incoming WebSocket upgrade request" client_ip=[::1]:60540
time=2026-06-21T16:23:15.762+03:00 level=INFO msg="New WebSocket client connected successfully" client_ip=[::1]:60540 total_active_clients=1
time=2026-06-21T16:23:15.763+03:00 level=INFO msg="API Request Executed" method=GET path=/api/projects status=200 duration=1.062ms
time=2026-06-21T16:23:16.366+03:00 level=INFO msg="API Request Executed" method=GET path=/ status=200 duration=0s
time=2026-06-21T16:23:16.536+03:00 level=DEBUG msg="Fetching system settings"
time=2026-06-21T16:23:16.536+03:00 level=DEBUG msg="Attempting to load application settings" filename=app_config.json
time=2026-06-21T16:23:16.536+03:00 level=WARN msg="WebSocket client disconnected or write failed, cleaning up" client_ip=[::1]:60540 error="write tcp [::1]:8080->[::1]:60540: wsasend: An established connection was aborted by the software in your host machine."
time=2026-06-21T16:23:16.536+03:00 level=DEBUG msg="Successfully loaded application settings" filename=app_config.json
time=2026-06-21T16:23:16.537+03:00 level=DEBUG msg="Successfully retrieved system settings"
time=2026-06-21T16:23:16.537+03:00 level=INFO msg="API Request Executed" method=GET path=/api/settings status=200 duration=497.9µs
time=2026-06-21T16:23:16.548+03:00 level=INFO msg="API Request Executed" method=GET path=/api/projects/logs status=200 duration=11.109ms
time=2026-06-21T16:23:16.611+03:00 level=DEBUG msg="Incoming WebSocket upgrade request" client_ip=[::1]:57347
time=2026-06-21T16:23:16.612+03:00 level=INFO msg="New WebSocket client connected successfully" client_ip=[::1]:57347 total_active_clients=1
time=2026-06-21T16:23:16.612+03:00 level=INFO msg="API Request Executed" method=GET path=/api/projects status=200 duration=0s
time=2026-06-21T16:23:33.348+03:00 level=DEBUG msg="Processing smart detection request" path=C:/Users/Diony/Desktop/DionyHub/apps/C:/Users/Diony/Desktop/DionyHub/apps/env_test
time=2026-06-21T16:23:33.348+03:00 level=DEBUG msg="Smart Detective initiated deep scan (VLC Mode)" target_path=C:/Users/Diony/Desktop/DionyHub/apps/C:/Users/Diony/Desktop/DionyHub/apps/env_test
time=2026-06-21T16:23:33.348+03:00 level=WARN msg="Detective failed: Invalid directory path" path=C:/Users/Diony/Desktop/DionyHub/apps/C:/Users/Diony/Desktop/DionyHub/apps/env_test
time=2026-06-21T16:23:33.348+03:00 level=INFO msg="API Request Executed" method=GET path=/api/projects/detect status=200 duration=0s
time=2026-06-21T16:23:57.303+03:00 level=DEBUG msg="Processing smart detection request" path=C:/Users/Diony/Desktop/DionyHub/apps/C:/Users/Diony/Desktop/DionyHub/apps/env_test
time=2026-06-21T16:23:57.303+03:00 level=DEBUG msg="Smart Detective initiated deep scan (VLC Mode)" target_path=C:/Users/Diony/Desktop/DionyHub/apps/C:/Users/Diony/Desktop/DionyHub/apps/env_test
time=2026-06-21T16:23:57.303+03:00 level=WARN msg="Detective failed: Invalid directory path" path=C:/Users/Diony/Desktop/DionyHub/apps/C:/Users/Diony/Desktop/DionyHub/apps/env_test
time=2026-06-21T16:23:57.303+03:00 level=INFO msg="API Request Executed" method=GET path=/api/projects/detect status=200 duration=0s
time=2026-06-21T16:32:24.188+03:00 level=WARN msg="Shutdown signal received! Initiating Graceful Shutdown..."
time=2026-06-21T16:32:24.188+03:00 level=INFO msg="Terminating all running background processes..."
time=2026-06-21T16:32:24.188+03:00 level=INFO msg="Global shutdown hook triggered: Terminating all active process trees" active_count=0
time=2026-06-21T16:32:24.188+03:00 level=INFO msg="DionyHub shutdown sequence complete. Goodbye!"
time=2026-06-21T16:32:25.188+03:00 level=DEBUG msg="Closing SQLite Engine"
time=2026-06-21T16:32:27.975+03:00 level=INFO msg="Starting DionyHub Command Center Initialization..."
time=2026-06-21T16:32:27.994+03:00 level=DEBUG msg="Initializing SQLite Engine" path=data/dionyhub.db
time=2026-06-21T16:32:27.996+03:00 level=DEBUG msg="Running database migrations..."
time=2026-06-21T16:32:27.996+03:00 level=INFO msg="SQLite Engine successfully started and migrated" path=data/dionyhub.db
time=2026-06-21T16:32:28.882+03:00 level=DEBUG msg="Cleared potential port 8080 conflicts via PowerShell"
time=2026-06-21T16:32:28.882+03:00 level=DEBUG msg="Attempting to load projects configuration" filename=config.json
time=2026-06-21T16:32:28.882+03:00 level=DEBUG msg="Projects configuration file does not exist, returning empty slice" filename=config.json
time=2026-06-21T16:32:28.882+03:00 level=INFO msg="Successfully loaded project configurations" count=0
time=2026-06-21T16:32:28.882+03:00 level=DEBUG msg="Initializing core process manager"
time=2026-06-21T16:32:28.882+03:00 level=DEBUG msg="Initializing core API server instance with SQLite integration"
time=2026-06-21T16:32:28.882+03:00 level=DEBUG msg="Starting to register API endpoints..."
time=2026-06-21T16:32:28.882+03:00 level=DEBUG msg="Registering WebSocket endpoint under /ws"
time=2026-06-21T16:32:28.882+03:00 level=DEBUG msg="Booting up background metrics worker..."
time=2026-06-21T16:32:28.882+03:00 level=INFO msg="All API routes and background workers registered successfully"
time=2026-06-21T16:32:28.883+03:00 level=INFO msg="Server is successfully running and listening" url=http://localhost:8080
time=2026-06-21T16:32:29.119+03:00 level=DEBUG msg="Incoming WebSocket upgrade request" client_ip=[::1]:54571
time=2026-06-21T16:32:29.120+03:00 level=INFO msg="New WebSocket client connected successfully" client_ip=[::1]:54571 total_active_clients=1
time=2026-06-21T16:33:51.025+03:00 level=WARN msg="Shutdown signal received! Initiating Graceful Shutdown..."
time=2026-06-21T16:33:51.025+03:00 level=INFO msg="Terminating all running background processes..."
time=2026-06-21T16:33:51.025+03:00 level=INFO msg="Global shutdown hook triggered: Terminating all active process trees" active_count=0
time=2026-06-21T16:33:51.025+03:00 level=INFO msg="DionyHub shutdown sequence complete. Goodbye!"
time=2026-06-21T16:33:52.026+03:00 level=DEBUG msg="Closing SQLite Engine"
